  [1m[35m (2.2ms)[0m  [1m[35mCREATE DATABASE "Cats99_development" ENCODING = 'unicode'[0m
  ↳ bin/rails:9
  [1m[35m (5.3ms)[0m  [1m[35mCREATE DATABASE "Cats99_test" ENCODING = 'unicode'[0m
  ↳ bin/rails:9
  [1m[35m (72.8ms)[0m  [1m[35mDROP DATABASE IF EXISTS "Cats99_development"[0m
  ↳ bin/rails:9
  [1m[35m (69.2ms)[0m  [1m[35mDROP DATABASE IF EXISTS "Cats99_test"[0m
  ↳ bin/rails:9
  [1m[35m (250.5ms)[0m  [1m[35mCREATE DATABASE "Cats99_development" ENCODING = 'unicode'[0m
  ↳ bin/rails:9
  [1m[35m (110.5ms)[0m  [1m[35mCREATE DATABASE "Cats99_test" ENCODING = 'unicode'[0m
  ↳ bin/rails:9
  [1m[35m (36.5ms)[0m  [1m[35mCREATE TABLE "schema_migrations" ("version" character varying NOT NULL PRIMARY KEY)[0m
  ↳ bin/rails:9
  [1m[35m (7.0ms)[0m  [1m[35mCREATE TABLE "ar_internal_metadata" ("key" character varying NOT NULL PRIMARY KEY, "value" character varying, "created_at" timestamp NOT NULL, "updated_at" timestamp NOT NULL)[0m
  ↳ bin/rails:9
  [1m[35m (1.7ms)[0m  [1m[34mSELECT pg_try_advisory_lock(6613552763082678525)[0m
  ↳ bin/rails:9
  [1m[35m (0.8ms)[0m  [1m[34mSELECT "schema_migrations"."version" FROM "schema_migrations" ORDER BY "schema_migrations"."version" ASC[0m
  ↳ bin/rails:9
Migrating to CreateCats (20200904204214)
  [1m[35m (0.2ms)[0m  [1m[35mBEGIN[0m
  ↳ bin/rails:9
  [1m[35m (28.0ms)[0m  [1m[35mCREATE TABLE "cats" ("id" bigserial primary key, "birth_date" date NOT NULL, "color" character varying NOT NULL, "name" character varying NOT NULL, "sex" character varying(1) NOT NULL, "description" text NOT NULL, "created_at" timestamp NOT NULL, "updated_at" timestamp NOT NULL)[0m
  ↳ db/migrate/20200904204214_create_cats.rb:3
  [1m[36mActiveRecord::SchemaMigration Create (1.2ms)[0m  [1m[32mINSERT INTO "schema_migrations" ("version") VALUES ($1) RETURNING "version"[0m  [["version", "20200904204214"]]
  ↳ bin/rails:9
  [1m[35m (1.2ms)[0m  [1m[35mCOMMIT[0m
  ↳ bin/rails:9
  [1m[36mActiveRecord::InternalMetadata Load (2.3ms)[0m  [1m[34mSELECT  "ar_internal_metadata".* FROM "ar_internal_metadata" WHERE "ar_internal_metadata"."key" = $1 LIMIT $2[0m  [["key", "environment"], ["LIMIT", 1]]
  ↳ bin/rails:9
  [1m[35m (0.2ms)[0m  [1m[35mBEGIN[0m
  ↳ bin/rails:9
  [1m[36mActiveRecord::InternalMetadata Create (0.5ms)[0m  [1m[32mINSERT INTO "ar_internal_metadata" ("key", "value", "created_at", "updated_at") VALUES ($1, $2, $3, $4) RETURNING "key"[0m  [["key", "environment"], ["value", "development"], ["created_at", "2020-09-04 20:45:21.306037"], ["updated_at", "2020-09-04 20:45:21.306037"]]
  ↳ bin/rails:9
  [1m[35m (1.2ms)[0m  [1m[35mCOMMIT[0m
  ↳ bin/rails:9
  [1m[35m (0.4ms)[0m  [1m[34mSELECT pg_advisory_unlock(6613552763082678525)[0m
  ↳ bin/rails:9
  [1m[35m (0.5ms)[0m  [1m[34mSELECT "schema_migrations"."version" FROM "schema_migrations" ORDER BY "schema_migrations"."version" ASC[0m
  ↳ bin/rails:9
Started GET "/cats" for ::1 at 2020-09-04 14:40:20 -0700
  [1m[35m (7.7ms)[0m  [1m[34mSELECT "schema_migrations"."version" FROM "schema_migrations" ORDER BY "schema_migrations"."version" ASC[0m
  ↳ /Users/JuanCarlos/.rbenv/versions/2.5.1/lib/ruby/gems/2.5.0/gems/activerecord-5.2.4.3/lib/active_record/log_subscriber.rb:98
Processing by CatsController#index as HTML
  Rendering cats/index.html.erb within layouts/application
  [1m[36mCat Load (2.1ms)[0m  [1m[34mSELECT  "cats".* FROM "cats" LIMIT $1[0m  [["LIMIT", 11]]
  ↳ app/views/cats/index.html.erb:4
  [1m[36mCACHE Cat Load (0.0ms)[0m  [1m[34mSELECT  "cats".* FROM "cats" LIMIT $1[0m  [["LIMIT", 11]]
  ↳ app/views/cats/index.html.erb:4
  [1m[36mCACHE Cat Load (0.0ms)[0m  [1m[34mSELECT  "cats".* FROM "cats" LIMIT $1[0m  [["LIMIT", 11]]
  ↳ app/views/cats/index.html.erb:4
  [1m[36mCACHE Cat Load (0.1ms)[0m  [1m[34mSELECT  "cats".* FROM "cats" LIMIT $1[0m  [["LIMIT", 11]]
  ↳ app/views/cats/index.html.erb:4
  [1m[36mCACHE Cat Load (0.0ms)[0m  [1m[34mSELECT  "cats".* FROM "cats" LIMIT $1[0m  [["LIMIT", 11]]
  ↳ app/views/cats/index.html.erb:4
  [1m[36mCACHE Cat Load (5.9ms)[0m  [1m[34mSELECT  "cats".* FROM "cats" LIMIT $1[0m  [["LIMIT", 11]]
  ↳ app/views/cats/index.html.erb:4
  [1m[36mCACHE Cat Load (0.0ms)[0m  [1m[34mSELECT  "cats".* FROM "cats" LIMIT $1[0m  [["LIMIT", 11]]
  ↳ app/views/cats/index.html.erb:4
  [1m[36mCACHE Cat Load (0.0ms)[0m  [1m[34mSELECT  "cats".* FROM "cats" LIMIT $1[0m  [["LIMIT", 11]]
  ↳ app/views/cats/index.html.erb:4
  Rendered cats/_cat.html.erb (1871.8ms)
  Rendered cats/index.html.erb within layouts/application (1882.8ms)
Completed 500 Internal Server Error in 2159ms (ActiveRecord: 16.0ms)



ActionView::Template::Error - undefined local variable or method `action' for #<#<Class:0x00007fb5672bf470>:0x00007fb565e23f20>
Did you mean?  action_name:
  app/views/cats/_cat.html.erb:2:in `view template'
  app/views/cats/index.html.erb:4:in `_app_views_cats_index_html_erb__4360857315939998146_70208548393240'

Started POST "/__better_errors/950d8d5031975024/variables" for ::1 at 2020-09-04 14:40:24 -0700
Started GET "/cats" for ::1 at 2020-09-04 14:45:38 -0700

NoMethodError - undefined method `esources' for #<ActionDispatch::Routing::Mapper:0x00007fb566d6f010>
Did you mean?  resources
               resource:
  config/routes.rb:5:in `block in <top (required)>'
  config/routes.rb:1:in `<top (required)>'

Started POST "/__better_errors/bc970960c968ef84/variables" for ::1 at 2020-09-04 14:45:38 -0700
Started GET "/cats" for ::1 at 2020-09-04 14:45:49 -0700
Processing by CatsController#index as HTML
  Rendering cats/index.html.erb within layouts/application
  [1m[36mCat Load (0.4ms)[0m  [1m[34mSELECT  "cats".* FROM "cats" LIMIT $1[0m  [["LIMIT", 11]]
  ↳ app/views/cats/index.html.erb:4
  [1m[36mCACHE Cat Load (0.1ms)[0m  [1m[34mSELECT  "cats".* FROM "cats" LIMIT $1[0m  [["LIMIT", 11]]
  ↳ app/views/cats/index.html.erb:4
  [1m[36mCACHE Cat Load (0.0ms)[0m  [1m[34mSELECT  "cats".* FROM "cats" LIMIT $1[0m  [["LIMIT", 11]]
  ↳ app/views/cats/index.html.erb:4
  [1m[36mCACHE Cat Load (0.0ms)[0m  [1m[34mSELECT  "cats".* FROM "cats" LIMIT $1[0m  [["LIMIT", 11]]
  ↳ app/views/cats/index.html.erb:4
  [1m[36mCACHE Cat Load (0.0ms)[0m  [1m[34mSELECT  "cats".* FROM "cats" LIMIT $1[0m  [["LIMIT", 11]]
  ↳ app/views/cats/index.html.erb:4
  [1m[36mCACHE Cat Load (0.0ms)[0m  [1m[34mSELECT  "cats".* FROM "cats" LIMIT $1[0m  [["LIMIT", 11]]
  ↳ app/views/cats/index.html.erb:4
  [1m[36mCACHE Cat Load (0.0ms)[0m  [1m[34mSELECT  "cats".* FROM "cats" LIMIT $1[0m  [["LIMIT", 11]]
  ↳ app/views/cats/index.html.erb:4
  [1m[36mCACHE Cat Load (0.0ms)[0m  [1m[34mSELECT  "cats".* FROM "cats" LIMIT $1[0m  [["LIMIT", 11]]
  ↳ app/views/cats/index.html.erb:4
  Rendered cats/_cat.html.erb (2263.2ms)
  Rendered cats/index.html.erb within layouts/application (2299.6ms)
Completed 500 Internal Server Error in 2381ms (ActiveRecord: 5.9ms)



ActionView::Template::Error - undefined local variable or method `action' for #<#<Class:0x00007fb566ec28b8>:0x00007fb566ecb4b8>
Did you mean?  action_name:
  app/views/cats/_cat.html.erb:2:in `view template'
  app/views/cats/index.html.erb:4:in `_app_views_cats_index_html_erb__4360857315939998146_70208546281860'

Started POST "/__better_errors/bdaa0c6db2ddc9b1/variables" for ::1 at 2020-09-04 14:45:52 -0700
Started GET "/cats" for ::1 at 2020-09-04 14:46:22 -0700
Processing by CatsController#index as HTML
  Rendering cats/index.html.erb within layouts/application
  [1m[36mCat Load (0.7ms)[0m  [1m[34mSELECT  "cats".* FROM "cats" LIMIT $1[0m  [["LIMIT", 11]]
  ↳ app/views/cats/index.html.erb:4
  [1m[36mCACHE Cat Load (0.0ms)[0m  [1m[34mSELECT  "cats".* FROM "cats" LIMIT $1[0m  [["LIMIT", 11]]
  ↳ app/views/cats/index.html.erb:4
  [1m[36mCACHE Cat Load (0.1ms)[0m  [1m[34mSELECT  "cats".* FROM "cats" LIMIT $1[0m  [["LIMIT", 11]]
  ↳ app/views/cats/index.html.erb:4
  [1m[36mCACHE Cat Load (0.0ms)[0m  [1m[34mSELECT  "cats".* FROM "cats" LIMIT $1[0m  [["LIMIT", 11]]
  ↳ app/views/cats/index.html.erb:4
  [1m[36mCACHE Cat Load (0.0ms)[0m  [1m[34mSELECT  "cats".* FROM "cats" LIMIT $1[0m  [["LIMIT", 11]]
  ↳ app/views/cats/index.html.erb:4
  [1m[36mCACHE Cat Load (0.0ms)[0m  [1m[34mSELECT  "cats".* FROM "cats" LIMIT $1[0m  [["LIMIT", 11]]
  ↳ app/views/cats/index.html.erb:4
  [1m[36mCACHE Cat Load (0.0ms)[0m  [1m[34mSELECT  "cats".* FROM "cats" LIMIT $1[0m  [["LIMIT", 11]]
  ↳ app/views/cats/index.html.erb:4
  [1m[36mCACHE Cat Load (0.0ms)[0m  [1m[34mSELECT  "cats".* FROM "cats" LIMIT $1[0m  [["LIMIT", 11]]
  ↳ app/views/cats/index.html.erb:4
  [1m[36mCACHE Cat Load (0.0ms)[0m  [1m[34mSELECT  "cats".* FROM "cats" LIMIT $1[0m  [["LIMIT", 11]]
  ↳ app/views/cats/index.html.erb:4
  [1m[36mCACHE Cat Load (0.1ms)[0m  [1m[34mSELECT  "cats".* FROM "cats" LIMIT $1[0m  [["LIMIT", 11]]
  ↳ app/views/cats/index.html.erb:4
  [1m[36mCACHE Cat Load (0.0ms)[0m  [1m[34mSELECT  "cats".* FROM "cats" LIMIT $1[0m  [["LIMIT", 11]]
  ↳ app/views/cats/index.html.erb:4
  [1m[36mCACHE Cat Load (0.0ms)[0m  [1m[34mSELECT  "cats".* FROM "cats" LIMIT $1[0m  [["LIMIT", 11]]
  ↳ app/views/cats/index.html.erb:4
  [1m[36mCACHE Cat Load (0.1ms)[0m  [1m[34mSELECT  "cats".* FROM "cats" LIMIT $1[0m  [["LIMIT", 11]]
  ↳ app/views/cats/index.html.erb:4
  [1m[36mCACHE Cat Load (0.3ms)[0m  [1m[34mSELECT  "cats".* FROM "cats" LIMIT $1[0m  [["LIMIT", 11]]
  ↳ app/views/cats/index.html.erb:4
  [1m[36mCACHE Cat Load (0.0ms)[0m  [1m[34mSELECT  "cats".* FROM "cats" LIMIT $1[0m  [["LIMIT", 11]]
  ↳ app/views/cats/index.html.erb:4
  [1m[36mCACHE Cat Load (0.0ms)[0m  [1m[34mSELECT  "cats".* FROM "cats" LIMIT $1[0m  [["LIMIT", 11]]
  ↳ app/views/cats/index.html.erb:4
  [1m[36mCACHE Cat Load (0.0ms)[0m  [1m[34mSELECT  "cats".* FROM "cats" LIMIT $1[0m  [["LIMIT", 11]]
  ↳ app/views/cats/index.html.erb:4
  [1m[36mCACHE Cat Load (0.0ms)[0m  [1m[34mSELECT  "cats".* FROM "cats" LIMIT $1[0m  [["LIMIT", 11]]
  ↳ app/views/cats/index.html.erb:4
  [1m[36mCACHE Cat Load (0.0ms)[0m  [1m[34mSELECT  "cats".* FROM "cats" LIMIT $1[0m  [["LIMIT", 11]]
  ↳ app/views/cats/index.html.erb:4
  [1m[36mCACHE Cat Load (0.0ms)[0m  [1m[34mSELECT  "cats".* FROM "cats" LIMIT $1[0m  [["LIMIT", 11]]
  ↳ app/views/cats/index.html.erb:4
  Rendered cats/_cat.html.erb (2420.6ms)
  Rendered cats/index.html.erb within layouts/application (2433.3ms)
Completed 500 Internal Server Error in 2468ms (ActiveRecord: 1.7ms)



ActionView::Template::Error - undefined local variable or method `cat' for #<#<Class:0x00007fb566ec28b8>:0x00007fb5672adb30>
Did you mean?  cats
               @cats:
  app/views/cats/_cat.html.erb:5:in `view template'
  app/views/cats/index.html.erb:4:in `_app_views_cats_index_html_erb__4360857315939998146_70208548336940'

Started POST "/__better_errors/5c0e302dabe6ee6d/variables" for ::1 at 2020-09-04 14:46:24 -0700
Started GET "/cats" for ::1 at 2020-09-04 14:53:50 -0700
Processing by CatsController#index as HTML
  Rendering cats/index.html.erb within layouts/application
  [1m[36mCat Load (8.0ms)[0m  [1m[34mSELECT "cats".* FROM "cats"[0m
  ↳ app/views/cats/index.html.erb:4
  Rendered cats/index.html.erb within layouts/application (23.5ms)
Completed 200 OK in 3882ms (Views: 3815.5ms | ActiveRecord: 18.9ms)


Started GET "/cats" for ::1 at 2020-09-04 14:55:13 -0700
Processing by CatsController#index as HTML
  Rendering cats/index.html.erb within layouts/application
  [1m[36mCat Load (4.7ms)[0m  [1m[34mSELECT "cats".* FROM "cats"[0m
  ↳ app/views/cats/index.html.erb:4
  Rendered cats/index.html.erb within layouts/application (9.8ms)
Completed 200 OK in 143ms (Views: 132.7ms | ActiveRecord: 4.7ms)


  [1m[35m (0.4ms)[0m  [1m[35mBEGIN[0m
  [1m[36mCat Create (12.2ms)[0m  [1m[32mINSERT INTO "cats" ("birth_date", "color", "name", "sex", "description", "created_at", "updated_at") VALUES ($1, $2, $3, $4, $5, $6, $7) RETURNING "id"[0m  [["birth_date", "2019-08-25"], ["color", "Gray"], ["name", "Gray"], ["sex", "M"], ["description", "beautiful gray cat"], ["created_at", "2020-09-04 21:57:47.738174"], ["updated_at", "2020-09-04 21:57:47.738174"]]
  [1m[35m (3.8ms)[0m  [1m[35mCOMMIT[0m
Started GET "/cats" for ::1 at 2020-09-04 14:57:53 -0700
Processing by CatsController#index as HTML
  Rendering cats/index.html.erb within layouts/application
  [1m[36mCat Load (5.7ms)[0m  [1m[34mSELECT "cats".* FROM "cats"[0m
  ↳ app/views/cats/index.html.erb:4
  [1m[36mCat Load (0.8ms)[0m  [1m[34mSELECT  "cats".* FROM "cats" LIMIT $1[0m  [["LIMIT", 11]]
  ↳ app/views/cats/index.html.erb:6
  [1m[36mCACHE Cat Load (0.7ms)[0m  [1m[34mSELECT  "cats".* FROM "cats" LIMIT $1[0m  [["LIMIT", 11]]
  ↳ app/views/cats/index.html.erb:6
  [1m[36mCACHE Cat Load (0.0ms)[0m  [1m[34mSELECT  "cats".* FROM "cats" LIMIT $1[0m  [["LIMIT", 11]]
  ↳ app/views/cats/index.html.erb:6
  [1m[36mCACHE Cat Load (0.0ms)[0m  [1m[34mSELECT  "cats".* FROM "cats" LIMIT $1[0m  [["LIMIT", 11]]
  ↳ app/views/cats/index.html.erb:6
  [1m[36mCACHE Cat Load (0.0ms)[0m  [1m[34mSELECT  "cats".* FROM "cats" LIMIT $1[0m  [["LIMIT", 11]]
  ↳ app/views/cats/index.html.erb:6
  [1m[36mCACHE Cat Load (0.0ms)[0m  [1m[34mSELECT  "cats".* FROM "cats" LIMIT $1[0m  [["LIMIT", 11]]
  ↳ app/views/cats/index.html.erb:6
  Rendered cats/_cat.html.erb (896.1ms)
  Rendered cats/index.html.erb within layouts/application (1085.3ms)
Completed 500 Internal Server Error in 1132ms (ActiveRecord: 30.8ms)



ActionView::Template::Error - undefined method `edit_cat_url' for #<#<Class:0x00007fb567563ca8>:0x00007fb56fa05650>:
  app/views/cats/_cat.html.erb:5:in `view template'
  app/views/cats/index.html.erb:6:in `block in _app_views_cats_index_html_erb__4360857315939998146_70208619296380'
  app/views/cats/index.html.erb:4:in `_app_views_cats_index_html_erb__4360857315939998146_70208619296380'

Started POST "/__better_errors/5ef9e94224b49ffa/variables" for ::1 at 2020-09-04 14:57:55 -0700
Started GET "/cats" for ::1 at 2020-09-04 15:02:05 -0700
  [1m[35m (2.4ms)[0m  [1m[34mSELECT "schema_migrations"."version" FROM "schema_migrations" ORDER BY "schema_migrations"."version" ASC[0m
  ↳ /Users/JuanCarlos/.rbenv/versions/2.5.1/lib/ruby/gems/2.5.0/gems/activerecord-5.2.4.3/lib/active_record/log_subscriber.rb:98
Processing by CatsController#index as HTML
  Rendering cats/index.html.erb within layouts/application
  [1m[36mCat Load (14.5ms)[0m  [1m[34mSELECT "cats".* FROM "cats"[0m
  ↳ app/views/cats/index.html.erb:4
  Rendered cats/_cat.html.erb (3.8ms)
  Rendered cats/index.html.erb within layouts/application (168.4ms)
Completed 200 OK in 930ms (Views: 806.5ms | ActiveRecord: 35.9ms)


Started GET "/cats" for ::1 at 2020-09-04 15:32:28 -0700
Processing by CatsController#index as HTML
  Rendering cats/index.html.erb within layouts/application
  [1m[36mCat Load (13.2ms)[0m  [1m[34mSELECT "cats".* FROM "cats"[0m
  ↳ app/views/cats/index.html.erb:4
  Rendered cats/_cat.html.erb (11.1ms)
  Rendered cats/index.html.erb within layouts/application (215.3ms)
Completed 200 OK in 601ms (Views: 465.2ms | ActiveRecord: 61.1ms)


Started GET "/cats/1" for ::1 at 2020-09-04 15:32:55 -0700
Processing by CatsController#show as HTML
  Parameters: {"id"=>"1"}
  [1m[36mCat Load (2.2ms)[0m  [1m[34mSELECT  "cats".* FROM "cats" WHERE "cats"."id" = $1 LIMIT $2[0m  [["id", 1], ["LIMIT", 1]]
  ↳ app/controllers/cats_controller.rb:8
  Rendering cats/show.html.erb within layouts/application
  Rendered cats/_cat.html.erb (0.8ms)
  Rendered cats/show.html.erb within layouts/application (8.5ms)
Completed 200 OK in 270ms (Views: 193.5ms | ActiveRecord: 4.5ms)


Started GET "/cats" for ::1 at 2020-09-04 15:33:01 -0700
Processing by CatsController#index as HTML
  Rendering cats/index.html.erb within layouts/application
  [1m[36mCat Load (8.9ms)[0m  [1m[34mSELECT "cats".* FROM "cats"[0m
  ↳ app/views/cats/index.html.erb:4
  Rendered cats/_cat.html.erb (1.8ms)
  Rendered cats/index.html.erb within layouts/application (31.1ms)
Completed 200 OK in 244ms (Views: 202.5ms | ActiveRecord: 8.9ms)


Started GET "/cats/1/edit" for ::1 at 2020-09-04 15:33:04 -0700
Processing by CatsController#edit as HTML
  Parameters: {"id"=>"1"}
  [1m[36mCat Load (1.0ms)[0m  [1m[34mSELECT  "cats".* FROM "cats" WHERE "cats"."id" = $1 LIMIT $2[0m  [["id", 1], ["LIMIT", 1]]
  ↳ app/controllers/cats_controller.rb:13
  Rendering cats/edit.html.erb within layouts/application
  Rendered cats/_form.html.erb (8.1ms)
  Rendered cats/edit.html.erb within layouts/application (22.9ms)
Completed 200 OK in 144ms (Views: 129.0ms | ActiveRecord: 1.0ms)


Started PATCH "/cats.1" for ::1 at 2020-09-04 15:33:38 -0700
  
ActionController::RoutingError (No route matches [PATCH] "/cats.1"):
  
actionpack (5.2.4.3) lib/action_dispatch/middleware/debug_exceptions.rb:65:in `call'
web-console (3.7.0) lib/web_console/middleware.rb:135:in `call_app'
web-console (3.7.0) lib/web_console/middleware.rb:30:in `block in call'
web-console (3.7.0) lib/web_console/middleware.rb:20:in `catch'
web-console (3.7.0) lib/web_console/middleware.rb:20:in `call'
actionpack (5.2.4.3) lib/action_dispatch/middleware/show_exceptions.rb:33:in `call'
railties (5.2.4.3) lib/rails/rack/logger.rb:38:in `call_app'
railties (5.2.4.3) lib/rails/rack/logger.rb:26:in `block in call'
activesupport (5.2.4.3) lib/active_support/tagged_logging.rb:71:in `block in tagged'
activesupport (5.2.4.3) lib/active_support/tagged_logging.rb:28:in `tagged'
activesupport (5.2.4.3) lib/active_support/tagged_logging.rb:71:in `tagged'
railties (5.2.4.3) lib/rails/rack/logger.rb:26:in `call'
sprockets-rails (3.2.1) lib/sprockets/rails/quiet_assets.rb:13:in `call'
actionpack (5.2.4.3) lib/action_dispatch/middleware/remote_ip.rb:81:in `call'
actionpack (5.2.4.3) lib/action_dispatch/middleware/request_id.rb:27:in `call'
rack (2.2.3) lib/rack/method_override.rb:24:in `call'
rack (2.2.3) lib/rack/runtime.rb:22:in `call'
activesupport (5.2.4.3) lib/active_support/cache/strategy/local_cache_middleware.rb:29:in `call'
actionpack (5.2.4.3) lib/action_dispatch/middleware/executor.rb:14:in `call'
actionpack (5.2.4.3) lib/action_dispatch/middleware/static.rb:127:in `call'
rack (2.2.3) lib/rack/sendfile.rb:110:in `call'
railties (5.2.4.3) lib/rails/engine.rb:524:in `call'
puma (3.12.6) lib/puma/configuration.rb:227:in `call'
puma (3.12.6) lib/puma/server.rb:706:in `handle_request'
puma (3.12.6) lib/puma/server.rb:476:in `process_client'
puma (3.12.6) lib/puma/server.rb:334:in `block in run'
puma (3.12.6) lib/puma/thread_pool.rb:135:in `block in spawn_thread'
Started GET "/cats/1/edit" for ::1 at 2020-09-04 15:35:01 -0700
Processing by CatsController#edit as HTML
  Parameters: {"id"=>"1"}
  [1m[36mCat Load (1.9ms)[0m  [1m[34mSELECT  "cats".* FROM "cats" WHERE "cats"."id" = $1 LIMIT $2[0m  [["id", 1], ["LIMIT", 1]]
  ↳ app/controllers/cats_controller.rb:13
  Rendering cats/edit.html.erb within layouts/application
  Rendered cats/_form.html.erb (2.4ms)
  Rendered cats/edit.html.erb within layouts/application (8.2ms)
Completed 200 OK in 117ms (Views: 106.5ms | ActiveRecord: 1.9ms)


Started PATCH "/cats.1" for ::1 at 2020-09-04 15:35:36 -0700
  
ActionController::RoutingError (No route matches [PATCH] "/cats.1"):
  
actionpack (5.2.4.3) lib/action_dispatch/middleware/debug_exceptions.rb:65:in `call'
web-console (3.7.0) lib/web_console/middleware.rb:135:in `call_app'
web-console (3.7.0) lib/web_console/middleware.rb:30:in `block in call'
web-console (3.7.0) lib/web_console/middleware.rb:20:in `catch'
web-console (3.7.0) lib/web_console/middleware.rb:20:in `call'
actionpack (5.2.4.3) lib/action_dispatch/middleware/show_exceptions.rb:33:in `call'
railties (5.2.4.3) lib/rails/rack/logger.rb:38:in `call_app'
railties (5.2.4.3) lib/rails/rack/logger.rb:26:in `block in call'
activesupport (5.2.4.3) lib/active_support/tagged_logging.rb:71:in `block in tagged'
activesupport (5.2.4.3) lib/active_support/tagged_logging.rb:28:in `tagged'
activesupport (5.2.4.3) lib/active_support/tagged_logging.rb:71:in `tagged'
railties (5.2.4.3) lib/rails/rack/logger.rb:26:in `call'
sprockets-rails (3.2.1) lib/sprockets/rails/quiet_assets.rb:13:in `call'
actionpack (5.2.4.3) lib/action_dispatch/middleware/remote_ip.rb:81:in `call'
actionpack (5.2.4.3) lib/action_dispatch/middleware/request_id.rb:27:in `call'
rack (2.2.3) lib/rack/method_override.rb:24:in `call'
rack (2.2.3) lib/rack/runtime.rb:22:in `call'
activesupport (5.2.4.3) lib/active_support/cache/strategy/local_cache_middleware.rb:29:in `call'
actionpack (5.2.4.3) lib/action_dispatch/middleware/executor.rb:14:in `call'
actionpack (5.2.4.3) lib/action_dispatch/middleware/static.rb:127:in `call'
rack (2.2.3) lib/rack/sendfile.rb:110:in `call'
railties (5.2.4.3) lib/rails/engine.rb:524:in `call'
puma (3.12.6) lib/puma/configuration.rb:227:in `call'
puma (3.12.6) lib/puma/server.rb:706:in `handle_request'
puma (3.12.6) lib/puma/server.rb:476:in `process_client'
puma (3.12.6) lib/puma/server.rb:334:in `block in run'
puma (3.12.6) lib/puma/thread_pool.rb:135:in `block in spawn_thread'
Started GET "/cats" for ::1 at 2020-09-04 15:38:46 -0700
Processing by CatsController#index as HTML
  Rendering cats/index.html.erb within layouts/application
  [1m[36mCat Load (2.0ms)[0m  [1m[34mSELECT "cats".* FROM "cats"[0m
  ↳ app/views/cats/index.html.erb:4
  Rendered cats/_cat.html.erb (6.1ms)
  Rendered cats/index.html.erb within layouts/application (16.8ms)
Completed 200 OK in 396ms (Views: 373.9ms | ActiveRecord: 2.0ms)


Started GET "/cats/1" for ::1 at 2020-09-04 15:38:50 -0700
Processing by CatsController#show as HTML
  Parameters: {"id"=>"1"}
  [1m[36mCat Load (6.6ms)[0m  [1m[34mSELECT  "cats".* FROM "cats" WHERE "cats"."id" = $1 LIMIT $2[0m  [["id", 1], ["LIMIT", 1]]
  ↳ app/controllers/cats_controller.rb:8
  Rendering cats/show.html.erb within layouts/application
  Rendered cats/_cat.html.erb (2.0ms)
  Rendered cats/show.html.erb within layouts/application (25.3ms)
Completed 200 OK in 149ms (Views: 135.3ms | ActiveRecord: 6.6ms)


Started GET "/cats" for ::1 at 2020-09-04 15:38:54 -0700
Processing by CatsController#index as HTML
  Rendering cats/index.html.erb within layouts/application
  [1m[36mCat Load (0.4ms)[0m  [1m[34mSELECT "cats".* FROM "cats"[0m
  ↳ app/views/cats/index.html.erb:4
  Rendered cats/_cat.html.erb (6.0ms)
  Rendered cats/index.html.erb within layouts/application (15.2ms)
Completed 200 OK in 213ms (Views: 202.6ms | ActiveRecord: 0.4ms)


Started GET "/cats/1" for ::1 at 2020-09-04 15:38:58 -0700
Processing by CatsController#show as HTML
  Parameters: {"id"=>"1"}
  [1m[36mCat Load (7.2ms)[0m  [1m[34mSELECT  "cats".* FROM "cats" WHERE "cats"."id" = $1 LIMIT $2[0m  [["id", 1], ["LIMIT", 1]]
  ↳ app/controllers/cats_controller.rb:8
  Rendering cats/show.html.erb within layouts/application
  Rendered cats/_cat.html.erb (1.1ms)
  Rendered cats/show.html.erb within layouts/application (20.1ms)
Completed 200 OK in 309ms (Views: 293.5ms | ActiveRecord: 7.2ms)


Started GET "/cats/1" for ::1 at 2020-09-04 15:39:06 -0700
Processing by CatsController#show as HTML
  Parameters: {"id"=>"1"}
  [1m[36mCat Load (3.6ms)[0m  [1m[34mSELECT  "cats".* FROM "cats" WHERE "cats"."id" = $1 LIMIT $2[0m  [["id", 1], ["LIMIT", 1]]
  ↳ app/controllers/cats_controller.rb:8
  Rendering cats/show.html.erb within layouts/application
  Rendered cats/_cat.html.erb (1.7ms)
  Rendered cats/show.html.erb within layouts/application (15.3ms)
Completed 200 OK in 83ms (Views: 68.2ms | ActiveRecord: 3.6ms)


Started GET "/cats/1" for ::1 at 2020-09-04 15:39:07 -0700
Processing by CatsController#show as HTML
  Parameters: {"id"=>"1"}
  [1m[36mCat Load (5.0ms)[0m  [1m[34mSELECT  "cats".* FROM "cats" WHERE "cats"."id" = $1 LIMIT $2[0m  [["id", 1], ["LIMIT", 1]]
  ↳ app/controllers/cats_controller.rb:8
  Rendering cats/show.html.erb within layouts/application
  Rendered cats/_cat.html.erb (1.2ms)
  Rendered cats/show.html.erb within layouts/application (19.1ms)
Completed 200 OK in 301ms (Views: 264.8ms | ActiveRecord: 5.0ms)


Started GET "/cats/1" for ::1 at 2020-09-04 15:40:15 -0700
Processing by CatsController#show as HTML
  Parameters: {"id"=>"1"}
  [1m[36mCat Load (4.1ms)[0m  [1m[34mSELECT  "cats".* FROM "cats" WHERE "cats"."id" = $1 LIMIT $2[0m  [["id", 1], ["LIMIT", 1]]
  ↳ app/controllers/cats_controller.rb:8
  Rendering cats/show.html.erb within layouts/application
  Rendered cats/_cat.html.erb (1.5ms)
  Rendered cats/show.html.erb within layouts/application (6.9ms)
Completed 200 OK in 309ms (Views: 292.9ms | ActiveRecord: 4.1ms)


Started GET "/cats" for ::1 at 2020-09-04 15:40:20 -0700
Processing by CatsController#index as HTML
  Rendering cats/index.html.erb within layouts/application
  [1m[36mCat Load (8.2ms)[0m  [1m[34mSELECT "cats".* FROM "cats"[0m
  ↳ app/views/cats/index.html.erb:4
  Rendered cats/_cat.html.erb (1.8ms)
  Rendered cats/index.html.erb within layouts/application (54.9ms)
Completed 200 OK in 387ms (Views: 365.6ms | ActiveRecord: 8.2ms)


Started GET "/cats" for ::1 at 2020-09-04 16:11:41 -0700
Processing by CatsController#index as HTML
  Rendering cats/index.html.erb within layouts/application
  [1m[36mCat Load (2.8ms)[0m  [1m[34mSELECT "cats".* FROM "cats"[0m
  ↳ app/views/cats/index.html.erb:4
  Rendered cats/_cat.html.erb (6.2ms)
  Rendered cats/index.html.erb within layouts/application (199.2ms)
Completed 200 OK in 468ms (Views: 329.6ms | ActiveRecord: 93.2ms)


Started GET "/cats/1/edit" for ::1 at 2020-09-04 16:12:00 -0700
Processing by CatsController#edit as HTML
  Parameters: {"id"=>"1"}
  [1m[36mCat Load (1.5ms)[0m  [1m[34mSELECT  "cats".* FROM "cats" WHERE "cats"."id" = $1 LIMIT $2[0m  [["id", 1], ["LIMIT", 1]]
  ↳ app/controllers/cats_controller.rb:13
  Rendering cats/edit.html.erb within layouts/application
  Rendered cats/_form.html.erb (2.7ms)
  Rendered cats/edit.html.erb within layouts/application (35.4ms)
Completed 200 OK in 398ms (Views: 368.4ms | ActiveRecord: 11.2ms)


Started PATCH "/cats.1" for ::1 at 2020-09-04 16:12:04 -0700
  
ActionController::RoutingError (No route matches [PATCH] "/cats.1"):
  
actionpack (5.2.4.3) lib/action_dispatch/middleware/debug_exceptions.rb:65:in `call'
web-console (3.7.0) lib/web_console/middleware.rb:135:in `call_app'
web-console (3.7.0) lib/web_console/middleware.rb:30:in `block in call'
web-console (3.7.0) lib/web_console/middleware.rb:20:in `catch'
web-console (3.7.0) lib/web_console/middleware.rb:20:in `call'
actionpack (5.2.4.3) lib/action_dispatch/middleware/show_exceptions.rb:33:in `call'
railties (5.2.4.3) lib/rails/rack/logger.rb:38:in `call_app'
railties (5.2.4.3) lib/rails/rack/logger.rb:26:in `block in call'
activesupport (5.2.4.3) lib/active_support/tagged_logging.rb:71:in `block in tagged'
activesupport (5.2.4.3) lib/active_support/tagged_logging.rb:28:in `tagged'
activesupport (5.2.4.3) lib/active_support/tagged_logging.rb:71:in `tagged'
railties (5.2.4.3) lib/rails/rack/logger.rb:26:in `call'
sprockets-rails (3.2.1) lib/sprockets/rails/quiet_assets.rb:13:in `call'
actionpack (5.2.4.3) lib/action_dispatch/middleware/remote_ip.rb:81:in `call'
actionpack (5.2.4.3) lib/action_dispatch/middleware/request_id.rb:27:in `call'
rack (2.2.3) lib/rack/method_override.rb:24:in `call'
rack (2.2.3) lib/rack/runtime.rb:22:in `call'
activesupport (5.2.4.3) lib/active_support/cache/strategy/local_cache_middleware.rb:29:in `call'
actionpack (5.2.4.3) lib/action_dispatch/middleware/executor.rb:14:in `call'
actionpack (5.2.4.3) lib/action_dispatch/middleware/static.rb:127:in `call'
rack (2.2.3) lib/rack/sendfile.rb:110:in `call'
railties (5.2.4.3) lib/rails/engine.rb:524:in `call'
puma (3.12.6) lib/puma/configuration.rb:227:in `call'
puma (3.12.6) lib/puma/server.rb:706:in `handle_request'
puma (3.12.6) lib/puma/server.rb:476:in `process_client'
puma (3.12.6) lib/puma/server.rb:334:in `block in run'
puma (3.12.6) lib/puma/thread_pool.rb:135:in `block in spawn_thread'
Started GET "/cats.3" for ::1 at 2020-09-04 16:14:49 -0700
Processing by CatsController#index as 
  Rendering cats/index.html.erb within layouts/application
  [1m[36mCat Load (0.8ms)[0m  [1m[34mSELECT "cats".* FROM "cats"[0m
  ↳ app/views/cats/index.html.erb:4
  Rendered cats/_cat.html.erb (1.1ms)
  Rendered cats/index.html.erb within layouts/application (225.5ms)
Completed 200 OK in 633ms (Views: 373.3ms | ActiveRecord: 76.5ms)


Started GET "/cats/1/edit" for ::1 at 2020-09-04 16:15:00 -0700
Processing by CatsController#edit as HTML
  Parameters: {"id"=>"1"}
  [1m[36mCat Load (4.6ms)[0m  [1m[34mSELECT  "cats".* FROM "cats" WHERE "cats"."id" = $1 LIMIT $2[0m  [["id", 1], ["LIMIT", 1]]
  ↳ app/controllers/cats_controller.rb:13
  Rendering cats/edit.html.erb within layouts/application
  Rendered cats/_form.html.erb (2.1ms)
  Rendered cats/edit.html.erb within layouts/application (7.1ms)
Completed 200 OK in 189ms (Views: 162.8ms | ActiveRecord: 4.6ms)


Started PATCH "/cats.1" for ::1 at 2020-09-04 16:15:05 -0700
  
ActionController::RoutingError (No route matches [PATCH] "/cats.1"):
  
actionpack (5.2.4.3) lib/action_dispatch/middleware/debug_exceptions.rb:65:in `call'
web-console (3.7.0) lib/web_console/middleware.rb:135:in `call_app'
web-console (3.7.0) lib/web_console/middleware.rb:30:in `block in call'
web-console (3.7.0) lib/web_console/middleware.rb:20:in `catch'
web-console (3.7.0) lib/web_console/middleware.rb:20:in `call'
actionpack (5.2.4.3) lib/action_dispatch/middleware/show_exceptions.rb:33:in `call'
railties (5.2.4.3) lib/rails/rack/logger.rb:38:in `call_app'
railties (5.2.4.3) lib/rails/rack/logger.rb:26:in `block in call'
activesupport (5.2.4.3) lib/active_support/tagged_logging.rb:71:in `block in tagged'
activesupport (5.2.4.3) lib/active_support/tagged_logging.rb:28:in `tagged'
activesupport (5.2.4.3) lib/active_support/tagged_logging.rb:71:in `tagged'
railties (5.2.4.3) lib/rails/rack/logger.rb:26:in `call'
sprockets-rails (3.2.1) lib/sprockets/rails/quiet_assets.rb:13:in `call'
actionpack (5.2.4.3) lib/action_dispatch/middleware/remote_ip.rb:81:in `call'
actionpack (5.2.4.3) lib/action_dispatch/middleware/request_id.rb:27:in `call'
rack (2.2.3) lib/rack/method_override.rb:24:in `call'
rack (2.2.3) lib/rack/runtime.rb:22:in `call'
activesupport (5.2.4.3) lib/active_support/cache/strategy/local_cache_middleware.rb:29:in `call'
actionpack (5.2.4.3) lib/action_dispatch/middleware/executor.rb:14:in `call'
actionpack (5.2.4.3) lib/action_dispatch/middleware/static.rb:127:in `call'
rack (2.2.3) lib/rack/sendfile.rb:110:in `call'
railties (5.2.4.3) lib/rails/engine.rb:524:in `call'
puma (3.12.6) lib/puma/configuration.rb:227:in `call'
puma (3.12.6) lib/puma/server.rb:706:in `handle_request'
puma (3.12.6) lib/puma/server.rb:476:in `process_client'
puma (3.12.6) lib/puma/server.rb:334:in `block in run'
puma (3.12.6) lib/puma/thread_pool.rb:135:in `block in spawn_thread'
Started GET "/cats.3" for ::1 at 2020-09-04 16:15:59 -0700
Processing by CatsController#index as 
  Rendering cats/index.html.erb within layouts/application
  [1m[36mCat Load (9.7ms)[0m  [1m[34mSELECT "cats".* FROM "cats"[0m
  ↳ app/views/cats/index.html.erb:4
  Rendered cats/_cat.html.erb (1.6ms)
  Rendered cats/index.html.erb within layouts/application (235.6ms)
Completed 200 OK in 1120ms (Views: 965.6ms | ActiveRecord: 9.7ms)


Started GET "/cats" for ::1 at 2020-09-04 16:16:36 -0700
Processing by CatsController#index as HTML
  Rendering cats/index.html.erb within layouts/application
  [1m[36mCat Load (9.8ms)[0m  [1m[34mSELECT "cats".* FROM "cats"[0m
  ↳ app/views/cats/index.html.erb:4
  Rendered cats/_cat.html.erb (2.9ms)
  Rendered cats/index.html.erb within layouts/application (64.6ms)
Completed 200 OK in 424ms (Views: 394.2ms | ActiveRecord: 9.8ms)


Started GET "/cats" for ::1 at 2020-09-04 16:16:40 -0700
Processing by CatsController#index as HTML
  Rendering cats/index.html.erb within layouts/application
  [1m[36mCat Load (2.6ms)[0m  [1m[34mSELECT "cats".* FROM "cats"[0m
  ↳ app/views/cats/index.html.erb:4
  Rendered cats/_cat.html.erb (2.1ms)
  Rendered cats/index.html.erb within layouts/application (21.2ms)
Completed 200 OK in 253ms (Views: 236.6ms | ActiveRecord: 2.6ms)


Started GET "/cats/1" for ::1 at 2020-09-04 16:16:45 -0700
Processing by CatsController#show as HTML
  Parameters: {"id"=>"1"}
  [1m[36mCat Load (7.4ms)[0m  [1m[34mSELECT  "cats".* FROM "cats" WHERE "cats"."id" = $1 LIMIT $2[0m  [["id", 1], ["LIMIT", 1]]
  ↳ app/controllers/cats_controller.rb:8
  Rendering cats/show.html.erb within layouts/application
  Rendered cats/_cat.html.erb (1.8ms)
  Rendered cats/show.html.erb within layouts/application (14.2ms)
Completed 200 OK in 138ms (Views: 103.6ms | ActiveRecord: 7.4ms)


Started GET "/cats" for ::1 at 2020-09-04 16:16:50 -0700
Processing by CatsController#index as HTML
  Rendering cats/index.html.erb within layouts/application
  [1m[36mCat Load (12.2ms)[0m  [1m[34mSELECT "cats".* FROM "cats"[0m
  ↳ app/views/cats/index.html.erb:4
  Rendered cats/_cat.html.erb (5.3ms)
  Rendered cats/index.html.erb within layouts/application (40.9ms)
Completed 200 OK in 247ms (Views: 228.8ms | ActiveRecord: 12.2ms)


  [1m[36mCat Load (1.2ms)[0m  [1m[34mSELECT "cats".* FROM "cats"[0m
  [1m[36mCat Load (2.9ms)[0m  [1m[34mSELECT "cats".* FROM "cats"[0m
  [1m[36mCat Load (0.3ms)[0m  [1m[34mSELECT  "cats".* FROM "cats" ORDER BY "cats"."id" DESC LIMIT $1[0m  [["LIMIT", 1]]
Started GET "/cats/new" for ::1 at 2020-09-04 16:19:51 -0700
Processing by CatsController#new as HTML
  Rendering cats/new.html.erb within layouts/application
  Rendered cats/_form.html.erb (23.3ms)
  Rendered cats/new.html.erb within layouts/application (65.9ms)
Completed 500 Internal Server Error in 145ms (ActiveRecord: 0.0ms)



ActionView::Template::Error - undefined method `year' for nil:NilClass:
  app/views/cats/_form.html.erb:20:in `view template'
  app/views/cats/new.html.erb:3:in `_app_views_cats_new_html_erb___3015213934167733691_70360824628820'
  app/controllers/cats_controller.rb:19:in `new'

Started POST "/__better_errors/73ce0e05f041ece7/variables" for ::1 at 2020-09-04 16:19:51 -0700
  [1m[36mCat Load (0.5ms)[0m  [1m[34mSELECT  "cats".* FROM "cats" ORDER BY "cats"."id" ASC LIMIT $1[0m  [["LIMIT", 1]]
Started GET "/cats/new" for ::1 at 2020-09-04 16:20:51 -0700
Processing by CatsController#new as HTML
Completed 400 Bad Request in 16ms (ActiveRecord: 0.0ms)



ActionController::ParameterMissing - param is missing or the value is empty: cat:
  app/controllers/cats_controller.rb:49:in `cat_params'
  app/controllers/cats_controller.rb:18:in `new'

Started POST "/__better_errors/0d1192846d7ba22b/variables" for ::1 at 2020-09-04 16:20:51 -0700
Started GET "/cats/new" for ::1 at 2020-09-04 16:21:14 -0700
Processing by CatsController#new as HTML
Completed 400 Bad Request in 2ms (ActiveRecord: 0.0ms)



ActionController::ParameterMissing - param is missing or the value is empty: cat:
  app/controllers/cats_controller.rb:49:in `cat_params'
  app/controllers/cats_controller.rb:18:in `new'

Started POST "/__better_errors/714fe5b060933518/variables" for ::1 at 2020-09-04 16:21:14 -0700
Started GET "/cats/new" for ::1 at 2020-09-04 16:21:24 -0700
Processing by CatsController#new as HTML
  Rendering cats/new.html.erb within layouts/application
  Rendered cats/_form.html.erb (28.3ms)
  Rendered cats/new.html.erb within layouts/application (36.6ms)
Completed 500 Internal Server Error in 148ms (ActiveRecord: 19.3ms)



ActionView::Template::Error - undefined method `year' for nil:NilClass:
  app/views/cats/_form.html.erb:20:in `view template'
  app/views/cats/new.html.erb:3:in `_app_views_cats_new_html_erb___3015213934167733691_70360818997100'
  app/controllers/cats_controller.rb:19:in `new'

Started POST "/__better_errors/704b09521eaa0cf5/variables" for ::1 at 2020-09-04 16:21:24 -0700
  [1m[36mCat Load (0.4ms)[0m  [1m[34mSELECT  "cats".* FROM "cats" ORDER BY "cats"."id" ASC LIMIT $1[0m  [["LIMIT", 1]]
Started GET "/cats" for ::1 at 2020-09-04 16:24:52 -0700
Processing by CatsController#index as HTML
  Rendering cats/index.html.erb within layouts/application
  [1m[36mCat Load (3.8ms)[0m  [1m[34mSELECT "cats".* FROM "cats"[0m
  ↳ app/views/cats/index.html.erb:4
  Rendered cats/_cat.html.erb (2.2ms)
  Rendered cats/index.html.erb within layouts/application (13.7ms)
Completed 200 OK in 157ms (Views: 139.2ms | ActiveRecord: 3.8ms)


Started GET "/cats/1/edit" for ::1 at 2020-09-04 16:25:10 -0700
Processing by CatsController#edit as HTML
  Parameters: {"id"=>"1"}
  [1m[36mCat Load (4.8ms)[0m  [1m[34mSELECT  "cats".* FROM "cats" WHERE "cats"."id" = $1 LIMIT $2[0m  [["id", 1], ["LIMIT", 1]]
  ↳ app/controllers/cats_controller.rb:13
  Rendering cats/edit.html.erb within layouts/application
  Rendered cats/_form.html.erb (3.0ms)
  Rendered cats/edit.html.erb within layouts/application (24.9ms)
Completed 200 OK in 184ms (Views: 140.7ms | ActiveRecord: 4.8ms)


Started PATCH "/cats.1" for ::1 at 2020-09-04 16:25:13 -0700
  
ActionController::RoutingError (No route matches [PATCH] "/cats.1"):
  
actionpack (5.2.4.3) lib/action_dispatch/middleware/debug_exceptions.rb:65:in `call'
web-console (3.7.0) lib/web_console/middleware.rb:135:in `call_app'
web-console (3.7.0) lib/web_console/middleware.rb:30:in `block in call'
web-console (3.7.0) lib/web_console/middleware.rb:20:in `catch'
web-console (3.7.0) lib/web_console/middleware.rb:20:in `call'
actionpack (5.2.4.3) lib/action_dispatch/middleware/show_exceptions.rb:33:in `call'
railties (5.2.4.3) lib/rails/rack/logger.rb:38:in `call_app'
railties (5.2.4.3) lib/rails/rack/logger.rb:26:in `block in call'
activesupport (5.2.4.3) lib/active_support/tagged_logging.rb:71:in `block in tagged'
activesupport (5.2.4.3) lib/active_support/tagged_logging.rb:28:in `tagged'
activesupport (5.2.4.3) lib/active_support/tagged_logging.rb:71:in `tagged'
railties (5.2.4.3) lib/rails/rack/logger.rb:26:in `call'
sprockets-rails (3.2.1) lib/sprockets/rails/quiet_assets.rb:13:in `call'
actionpack (5.2.4.3) lib/action_dispatch/middleware/remote_ip.rb:81:in `call'
actionpack (5.2.4.3) lib/action_dispatch/middleware/request_id.rb:27:in `call'
rack (2.2.3) lib/rack/method_override.rb:24:in `call'
rack (2.2.3) lib/rack/runtime.rb:22:in `call'
activesupport (5.2.4.3) lib/active_support/cache/strategy/local_cache_middleware.rb:29:in `call'
actionpack (5.2.4.3) lib/action_dispatch/middleware/executor.rb:14:in `call'
actionpack (5.2.4.3) lib/action_dispatch/middleware/static.rb:127:in `call'
rack (2.2.3) lib/rack/sendfile.rb:110:in `call'
railties (5.2.4.3) lib/rails/engine.rb:524:in `call'
puma (3.12.6) lib/puma/configuration.rb:227:in `call'
puma (3.12.6) lib/puma/server.rb:706:in `handle_request'
puma (3.12.6) lib/puma/server.rb:476:in `process_client'
puma (3.12.6) lib/puma/server.rb:334:in `block in run'
puma (3.12.6) lib/puma/thread_pool.rb:135:in `block in spawn_thread'
Started PATCH "/cats.1" for ::1 at 2020-09-04 16:35:53 -0700
  
ActionController::RoutingError (No route matches [PATCH] "/cats.1"):
  
actionpack (5.2.4.3) lib/action_dispatch/middleware/debug_exceptions.rb:65:in `call'
web-console (3.7.0) lib/web_console/middleware.rb:135:in `call_app'
web-console (3.7.0) lib/web_console/middleware.rb:30:in `block in call'
web-console (3.7.0) lib/web_console/middleware.rb:20:in `catch'
web-console (3.7.0) lib/web_console/middleware.rb:20:in `call'
actionpack (5.2.4.3) lib/action_dispatch/middleware/show_exceptions.rb:33:in `call'
railties (5.2.4.3) lib/rails/rack/logger.rb:38:in `call_app'
railties (5.2.4.3) lib/rails/rack/logger.rb:26:in `block in call'
activesupport (5.2.4.3) lib/active_support/tagged_logging.rb:71:in `block in tagged'
activesupport (5.2.4.3) lib/active_support/tagged_logging.rb:28:in `tagged'
activesupport (5.2.4.3) lib/active_support/tagged_logging.rb:71:in `tagged'
railties (5.2.4.3) lib/rails/rack/logger.rb:26:in `call'
sprockets-rails (3.2.1) lib/sprockets/rails/quiet_assets.rb:13:in `call'
actionpack (5.2.4.3) lib/action_dispatch/middleware/remote_ip.rb:81:in `call'
actionpack (5.2.4.3) lib/action_dispatch/middleware/request_id.rb:27:in `call'
rack (2.2.3) lib/rack/method_override.rb:24:in `call'
rack (2.2.3) lib/rack/runtime.rb:22:in `call'
activesupport (5.2.4.3) lib/active_support/cache/strategy/local_cache_middleware.rb:29:in `call'
actionpack (5.2.4.3) lib/action_dispatch/middleware/executor.rb:14:in `call'
actionpack (5.2.4.3) lib/action_dispatch/middleware/static.rb:127:in `call'
rack (2.2.3) lib/rack/sendfile.rb:110:in `call'
railties (5.2.4.3) lib/rails/engine.rb:524:in `call'
puma (3.12.6) lib/puma/configuration.rb:227:in `call'
puma (3.12.6) lib/puma/server.rb:706:in `handle_request'
puma (3.12.6) lib/puma/server.rb:476:in `process_client'
puma (3.12.6) lib/puma/server.rb:334:in `block in run'
puma (3.12.6) lib/puma/thread_pool.rb:135:in `block in spawn_thread'
Started GET "/cats" for ::1 at 2020-09-04 16:36:01 -0700
Processing by CatsController#index as HTML
  Rendering cats/index.html.erb within layouts/application
  [1m[36mCat Load (2.2ms)[0m  [1m[34mSELECT "cats".* FROM "cats"[0m
  ↳ app/views/cats/index.html.erb:4
  Rendered cats/_cat.html.erb (4.9ms)
  Rendered cats/index.html.erb within layouts/application (30.9ms)
Completed 200 OK in 197ms (Views: 179.7ms | ActiveRecord: 2.2ms)


Started GET "/cats/1/edit" for ::1 at 2020-09-04 16:36:03 -0700
Processing by CatsController#edit as HTML
  Parameters: {"id"=>"1"}
  [1m[36mCat Load (1.1ms)[0m  [1m[34mSELECT  "cats".* FROM "cats" WHERE "cats"."id" = $1 LIMIT $2[0m  [["id", 1], ["LIMIT", 1]]
  ↳ app/controllers/cats_controller.rb:13
  Rendering cats/edit.html.erb within layouts/application
  Rendered cats/_form.html.erb (2.8ms)
  Rendered cats/edit.html.erb within layouts/application (7.8ms)
Completed 200 OK in 167ms (Views: 149.0ms | ActiveRecord: 2.1ms)


Started PATCH "/cats/1" for ::1 at 2020-09-04 16:36:09 -0700
Processing by CatsController#update as HTML
  Parameters: {"cat"=>{"name"=>"Gray", "age"=>"F", "color"=>"Orange", "description"=>"beautiful gray cat"}, "id"=>"1"}
Can't verify CSRF token authenticity.
Completed 422 Unprocessable Entity in 2ms (ActiveRecord: 0.0ms)



ActionController::InvalidAuthenticityToken - ActionController::InvalidAuthenticityToken:

Started POST "/__better_errors/0253882f5ae6b1c0/variables" for ::1 at 2020-09-04 16:36:10 -0700
Started GET "/cats" for ::1 at 2020-09-04 16:37:21 -0700
Processing by CatsController#index as HTML
  Rendering cats/index.html.erb within layouts/application
  [1m[36mCat Load (0.4ms)[0m  [1m[34mSELECT "cats".* FROM "cats"[0m
  ↳ app/views/cats/index.html.erb:4
  Rendered cats/_cat.html.erb (0.8ms)
  Rendered cats/index.html.erb within layouts/application (40.4ms)
Completed 200 OK in 139ms (Views: 102.0ms | ActiveRecord: 13.9ms)


Started GET "/cats/1/edit" for ::1 at 2020-09-04 16:37:23 -0700
Processing by CatsController#edit as HTML
  Parameters: {"id"=>"1"}
  [1m[36mCat Load (13.0ms)[0m  [1m[34mSELECT  "cats".* FROM "cats" WHERE "cats"."id" = $1 LIMIT $2[0m  [["id", 1], ["LIMIT", 1]]
  ↳ app/controllers/cats_controller.rb:13
  Rendering cats/edit.html.erb within layouts/application
  Rendered cats/_form.html.erb (1.6ms)
  Rendered cats/edit.html.erb within layouts/application (8.9ms)
Completed 200 OK in 127ms (Views: 92.5ms | ActiveRecord: 13.0ms)


Started PATCH "/cats/1" for ::1 at 2020-09-04 16:37:27 -0700
Processing by CatsController#update as HTML
  Parameters: {"cat"=>{"name"=>"Gray", "age"=>"F", "color"=>"Orange", "description"=>"beautiful gray cat"}, "id"=>"1"}
  [1m[36mCat Load (7.0ms)[0m  [1m[34mSELECT  "cats".* FROM "cats" WHERE "cats"."id" = $1 LIMIT $2[0m  [["id", 1], ["LIMIT", 1]]
  ↳ app/controllers/cats_controller.rb:32
  [1m[35m (2.3ms)[0m  [1m[35mBEGIN[0m
  ↳ app/controllers/cats_controller.rb:33
  [1m[35m (0.3ms)[0m  [1m[31mROLLBACK[0m
  ↳ app/controllers/cats_controller.rb:33
Completed 500 Internal Server Error in 18ms (ActiveRecord: 9.6ms)



ActiveModel::UnknownAttributeError - unknown attribute 'age' for Cat.:
  app/controllers/cats_controller.rb:33:in `update'

Started POST "/__better_errors/e43b2908aa9f7412/variables" for ::1 at 2020-09-04 16:37:27 -0700
Started GET "/cats" for ::1 at 2020-09-04 16:40:23 -0700
Processing by CatsController#index as HTML
  Rendering cats/index.html.erb within layouts/application
  [1m[36mCat Load (0.9ms)[0m  [1m[34mSELECT "cats".* FROM "cats"[0m
  ↳ app/views/cats/index.html.erb:4
  Rendered cats/_cat.html.erb (10.6ms)
  Rendered cats/index.html.erb within layouts/application (50.2ms)
Completed 200 OK in 169ms (Views: 138.9ms | ActiveRecord: 11.6ms)


Started GET "/cats/1/edit" for ::1 at 2020-09-04 16:40:26 -0700
Processing by CatsController#edit as HTML
  Parameters: {"id"=>"1"}
  [1m[36mCat Load (5.8ms)[0m  [1m[34mSELECT  "cats".* FROM "cats" WHERE "cats"."id" = $1 LIMIT $2[0m  [["id", 1], ["LIMIT", 1]]
  ↳ app/controllers/cats_controller.rb:13
  Rendering cats/edit.html.erb within layouts/application
  Rendered cats/_form.html.erb (4.2ms)
  Rendered cats/edit.html.erb within layouts/application (18.3ms)
Completed 200 OK in 127ms (Views: 99.8ms | ActiveRecord: 5.8ms)


Started PATCH "/cats/1" for ::1 at 2020-09-04 16:40:30 -0700
Processing by CatsController#update as HTML
  Parameters: {"cat"=>{"name"=>"Gray", "age"=>"This cat has 1 years and 1 months", "sex"=>"F", "color"=>"Orange", "description"=>"beautiful gray cat"}, "id"=>"1"}
  [1m[36mCat Load (10.2ms)[0m  [1m[34mSELECT  "cats".* FROM "cats" WHERE "cats"."id" = $1 LIMIT $2[0m  [["id", 1], ["LIMIT", 1]]
  ↳ app/controllers/cats_controller.rb:32
  [1m[35m (0.9ms)[0m  [1m[35mBEGIN[0m
  ↳ app/controllers/cats_controller.rb:33
  [1m[35m (0.4ms)[0m  [1m[31mROLLBACK[0m
  ↳ app/controllers/cats_controller.rb:33
Completed 500 Internal Server Error in 18ms (ActiveRecord: 11.5ms)



ActiveModel::UnknownAttributeError - unknown attribute 'age' for Cat.:
  app/controllers/cats_controller.rb:33:in `update'

Started POST "/__better_errors/1e61941d28a11080/variables" for ::1 at 2020-09-04 16:40:30 -0700
Started GET "/cats" for ::1 at 2020-09-04 16:42:25 -0700
Processing by CatsController#index as HTML
  Rendering cats/index.html.erb within layouts/application
  [1m[36mCat Load (0.6ms)[0m  [1m[34mSELECT "cats".* FROM "cats"[0m
  ↳ app/views/cats/index.html.erb:4
  Rendered cats/_cat.html.erb (1.2ms)
  Rendered cats/index.html.erb within layouts/application (33.7ms)
Completed 200 OK in 174ms (Views: 128.8ms | ActiveRecord: 10.5ms)


Started GET "/cats/1/edit" for ::1 at 2020-09-04 16:42:29 -0700
Processing by CatsController#edit as HTML
  Parameters: {"id"=>"1"}
  [1m[36mCat Load (3.2ms)[0m  [1m[34mSELECT  "cats".* FROM "cats" WHERE "cats"."id" = $1 LIMIT $2[0m  [["id", 1], ["LIMIT", 1]]
  ↳ app/controllers/cats_controller.rb:13
  Rendering cats/edit.html.erb within layouts/application
  Rendered cats/_form.html.erb (14.5ms)
  Rendered cats/edit.html.erb within layouts/application (61.2ms)
Completed 200 OK in 241ms (Views: 213.4ms | ActiveRecord: 3.2ms)


Started PATCH "/cats/1" for ::1 at 2020-09-04 16:42:41 -0700
Processing by CatsController#update as HTML
  Parameters: {"cat"=>{"name"=>"Gray", "birth_date"=>"2019-08-25", "sex"=>"F", "color"=>"Orange", "description"=>"beautiful gray cat"}, "id"=>"1"}
  [1m[36mCat Load (2.7ms)[0m  [1m[34mSELECT  "cats".* FROM "cats" WHERE "cats"."id" = $1 LIMIT $2[0m  [["id", 1], ["LIMIT", 1]]
  ↳ app/controllers/cats_controller.rb:32
Unpermitted parameter: :birth_date
  [1m[35m (2.0ms)[0m  [1m[35mBEGIN[0m
  ↳ app/controllers/cats_controller.rb:33
  [1m[36mCat Update (4.7ms)[0m  [1m[33mUPDATE "cats" SET "sex" = $1, "color" = $2, "updated_at" = $3 WHERE "cats"."id" = $4[0m  [["sex", "F"], ["color", "Orange"], ["updated_at", "2020-09-04 23:42:41.407342"], ["id", 1]]
  ↳ app/controllers/cats_controller.rb:33
  [1m[35m (32.9ms)[0m  [1m[35mCOMMIT[0m
  ↳ app/controllers/cats_controller.rb:33
Redirected to http://localhost:3000/cats/1
Completed 302 Found in 76ms (ActiveRecord: 42.3ms)


Started GET "/cats/1" for ::1 at 2020-09-04 16:42:41 -0700
Processing by CatsController#show as HTML
  Parameters: {"id"=>"1"}
  [1m[36mCat Load (18.1ms)[0m  [1m[34mSELECT  "cats".* FROM "cats" WHERE "cats"."id" = $1 LIMIT $2[0m  [["id", 1], ["LIMIT", 1]]
  ↳ app/controllers/cats_controller.rb:8
  Rendering cats/show.html.erb within layouts/application
  Rendered cats/_cat.html.erb (9.0ms)
  Rendered cats/show.html.erb within layouts/application (64.4ms)
Completed 200 OK in 333ms (Views: 302.5ms | ActiveRecord: 18.1ms)


Started GET "/cats" for ::1 at 2020-09-04 16:42:48 -0700
Processing by CatsController#index as HTML
  Rendering cats/index.html.erb within layouts/application
  [1m[36mCat Load (3.3ms)[0m  [1m[34mSELECT "cats".* FROM "cats"[0m
  ↳ app/views/cats/index.html.erb:4
  Rendered cats/_cat.html.erb (2.1ms)
  Rendered cats/index.html.erb within layouts/application (13.4ms)
Completed 200 OK in 209ms (Views: 187.4ms | ActiveRecord: 3.3ms)


Started GET "/cats/1/edit" for ::1 at 2020-09-04 16:42:50 -0700
Processing by CatsController#edit as HTML
  Parameters: {"id"=>"1"}
  [1m[36mCat Load (11.6ms)[0m  [1m[34mSELECT  "cats".* FROM "cats" WHERE "cats"."id" = $1 LIMIT $2[0m  [["id", 1], ["LIMIT", 1]]
  ↳ app/controllers/cats_controller.rb:13
  Rendering cats/edit.html.erb within layouts/application
  Rendered cats/_form.html.erb (1.2ms)
  Rendered cats/edit.html.erb within layouts/application (25.6ms)
Completed 200 OK in 199ms (Views: 168.9ms | ActiveRecord: 11.6ms)


Started PATCH "/cats/1" for ::1 at 2020-09-04 16:42:53 -0700
Processing by CatsController#update as HTML
  Parameters: {"cat"=>{"name"=>"Gray", "birth_date"=>"2019-08-25", "sex"=>"M", "color"=>"Black", "description"=>"beautiful gray cat"}, "id"=>"1"}
  [1m[36mCat Load (8.4ms)[0m  [1m[34mSELECT  "cats".* FROM "cats" WHERE "cats"."id" = $1 LIMIT $2[0m  [["id", 1], ["LIMIT", 1]]
  ↳ app/controllers/cats_controller.rb:32
Unpermitted parameter: :birth_date
  [1m[35m (5.0ms)[0m  [1m[35mBEGIN[0m
  ↳ app/controllers/cats_controller.rb:33
  [1m[36mCat Update (3.7ms)[0m  [1m[33mUPDATE "cats" SET "sex" = $1, "color" = $2, "updated_at" = $3 WHERE "cats"."id" = $4[0m  [["sex", "M"], ["color", "Black"], ["updated_at", "2020-09-04 23:42:53.746729"], ["id", 1]]
  ↳ app/controllers/cats_controller.rb:33
  [1m[35m (2.4ms)[0m  [1m[35mCOMMIT[0m
  ↳ app/controllers/cats_controller.rb:33
Redirected to http://localhost:3000/cats/1
Completed 302 Found in 34ms (ActiveRecord: 19.6ms)


Started GET "/cats/1" for ::1 at 2020-09-04 16:42:53 -0700
Processing by CatsController#show as HTML
  Parameters: {"id"=>"1"}
  [1m[36mCat Load (3.6ms)[0m  [1m[34mSELECT  "cats".* FROM "cats" WHERE "cats"."id" = $1 LIMIT $2[0m  [["id", 1], ["LIMIT", 1]]
  ↳ app/controllers/cats_controller.rb:8
  Rendering cats/show.html.erb within layouts/application
  Rendered cats/_cat.html.erb (1.2ms)
  Rendered cats/show.html.erb within layouts/application (29.3ms)
Completed 200 OK in 220ms (Views: 182.9ms | ActiveRecord: 3.6ms)


Started GET "/cats" for ::1 at 2020-09-04 16:43:02 -0700
Processing by CatsController#index as HTML
  Rendering cats/index.html.erb within layouts/application
  [1m[36mCat Load (10.1ms)[0m  [1m[34mSELECT "cats".* FROM "cats"[0m
  ↳ app/views/cats/index.html.erb:4
  Rendered cats/_cat.html.erb (1.5ms)
  Rendered cats/index.html.erb within layouts/application (31.2ms)
Completed 200 OK in 181ms (Views: 158.7ms | ActiveRecord: 10.1ms)


Started GET "/cats/1" for ::1 at 2020-09-04 16:43:14 -0700
Processing by CatsController#show as HTML
  Parameters: {"id"=>"1"}
  [1m[36mCat Load (13.2ms)[0m  [1m[34mSELECT  "cats".* FROM "cats" WHERE "cats"."id" = $1 LIMIT $2[0m  [["id", 1], ["LIMIT", 1]]
  ↳ app/controllers/cats_controller.rb:8
  Rendering cats/show.html.erb within layouts/application
  Rendered cats/_cat.html.erb (1.7ms)
  Rendered cats/show.html.erb within layouts/application (21.4ms)
Completed 200 OK in 192ms (Views: 147.7ms | ActiveRecord: 13.2ms)


Started GET "/cats" for ::1 at 2020-09-04 16:43:15 -0700
Processing by CatsController#index as HTML
  Rendering cats/index.html.erb within layouts/application
  [1m[36mCat Load (2.8ms)[0m  [1m[34mSELECT "cats".* FROM "cats"[0m
  ↳ app/views/cats/index.html.erb:4
  Rendered cats/_cat.html.erb (6.8ms)
  Rendered cats/index.html.erb within layouts/application (53.4ms)
Completed 200 OK in 360ms (Views: 338.3ms | ActiveRecord: 2.8ms)


Started GET "/cats/1/edit" for ::1 at 2020-09-04 16:43:18 -0700
Processing by CatsController#edit as HTML
  Parameters: {"id"=>"1"}
  [1m[36mCat Load (4.8ms)[0m  [1m[34mSELECT  "cats".* FROM "cats" WHERE "cats"."id" = $1 LIMIT $2[0m  [["id", 1], ["LIMIT", 1]]
  ↳ app/controllers/cats_controller.rb:13
  Rendering cats/edit.html.erb within layouts/application
  Rendered cats/_form.html.erb (1.5ms)
  Rendered cats/edit.html.erb within layouts/application (27.0ms)
Completed 200 OK in 173ms (Views: 156.0ms | ActiveRecord: 4.8ms)


Started GET "/cats/1" for ::1 at 2020-09-04 16:43:55 -0700
Processing by CatsController#show as HTML
  Parameters: {"id"=>"1"}
  [1m[36mCat Load (8.9ms)[0m  [1m[34mSELECT  "cats".* FROM "cats" WHERE "cats"."id" = $1 LIMIT $2[0m  [["id", 1], ["LIMIT", 1]]
  ↳ app/controllers/cats_controller.rb:8
  Rendering cats/show.html.erb within layouts/application
  Rendered cats/_cat.html.erb (1.2ms)
  Rendered cats/show.html.erb within layouts/application (9.0ms)
Completed 200 OK in 201ms (Views: 179.4ms | ActiveRecord: 8.9ms)


Started GET "/cats" for ::1 at 2020-09-04 16:45:49 -0700
Processing by CatsController#index as HTML
  Rendering cats/index.html.erb within layouts/application
  [1m[36mCat Load (2.1ms)[0m  [1m[34mSELECT "cats".* FROM "cats"[0m
  ↳ app/views/cats/index.html.erb:4
  Rendered cats/_cat.html.erb (1.0ms)
  Rendered cats/index.html.erb within layouts/application (48.7ms)
Completed 200 OK in 204ms (Views: 130.3ms | ActiveRecord: 11.4ms)


Started GET "/cats/1" for ::1 at 2020-09-04 16:45:59 -0700
Processing by CatsController#show as HTML
  Parameters: {"id"=>"1"}
  [1m[36mCat Load (4.8ms)[0m  [1m[34mSELECT  "cats".* FROM "cats" WHERE "cats"."id" = $1 LIMIT $2[0m  [["id", 1], ["LIMIT", 1]]
  ↳ app/controllers/cats_controller.rb:8
  Rendering cats/show.html.erb within layouts/application
  Rendered cats/_cat.html.erb (1.0ms)
  Rendered cats/show.html.erb within layouts/application (7.5ms)
Completed 200 OK in 131ms (Views: 101.9ms | ActiveRecord: 4.8ms)


Started GET "/cats" for ::1 at 2020-09-04 16:46:29 -0700
Processing by CatsController#index as HTML
  Rendering cats/index.html.erb within layouts/application
  [1m[36mCat Load (9.7ms)[0m  [1m[34mSELECT "cats".* FROM "cats"[0m
  ↳ app/views/cats/index.html.erb:4
  Rendered cats/_cat.html.erb (3.2ms)
  Rendered cats/index.html.erb within layouts/application (26.9ms)
Completed 200 OK in 158ms (Views: 132.8ms | ActiveRecord: 9.7ms)


Started GET "/cats/1/edit" for ::1 at 2020-09-04 16:46:31 -0700
Processing by CatsController#edit as HTML
  Parameters: {"id"=>"1"}
  [1m[36mCat Load (3.4ms)[0m  [1m[34mSELECT  "cats".* FROM "cats" WHERE "cats"."id" = $1 LIMIT $2[0m  [["id", 1], ["LIMIT", 1]]
  ↳ app/controllers/cats_controller.rb:13
  Rendering cats/edit.html.erb within layouts/application
  Rendered cats/_form.html.erb (1.8ms)
  Rendered cats/edit.html.erb within layouts/application (17.4ms)
Completed 200 OK in 153ms (Views: 136.8ms | ActiveRecord: 3.4ms)


Started PATCH "/cats/1" for ::1 at 2020-09-04 16:47:07 -0700
Processing by CatsController#update as HTML
  Parameters: {"cat"=>{"name"=>"Gray", "birth_date"=>"2002-08-25", "sex"=>"M", "color"=>"Black", "description"=>"beautiful gray cat"}, "id"=>"1"}
  [1m[36mCat Load (4.3ms)[0m  [1m[34mSELECT  "cats".* FROM "cats" WHERE "cats"."id" = $1 LIMIT $2[0m  [["id", 1], ["LIMIT", 1]]
  ↳ app/controllers/cats_controller.rb:32
Unpermitted parameter: :birth_date
  [1m[35m (4.4ms)[0m  [1m[35mBEGIN[0m
  ↳ app/controllers/cats_controller.rb:33
  [1m[35m (15.9ms)[0m  [1m[35mCOMMIT[0m
  ↳ app/controllers/cats_controller.rb:33
Redirected to http://localhost:3000/cats/1
Completed 302 Found in 32ms (ActiveRecord: 24.5ms)


Started GET "/cats/1" for ::1 at 2020-09-04 16:47:07 -0700
Processing by CatsController#show as HTML
  Parameters: {"id"=>"1"}
  [1m[36mCat Load (6.2ms)[0m  [1m[34mSELECT  "cats".* FROM "cats" WHERE "cats"."id" = $1 LIMIT $2[0m  [["id", 1], ["LIMIT", 1]]
  ↳ app/controllers/cats_controller.rb:8
  Rendering cats/show.html.erb within layouts/application
  Rendered cats/_cat.html.erb (1.1ms)
  Rendered cats/show.html.erb within layouts/application (12.6ms)
Completed 200 OK in 169ms (Views: 124.2ms | ActiveRecord: 6.2ms)


Started GET "/cats" for ::1 at 2020-09-04 16:47:11 -0700
Processing by CatsController#index as HTML
  Rendering cats/index.html.erb within layouts/application
  [1m[36mCat Load (2.4ms)[0m  [1m[34mSELECT "cats".* FROM "cats"[0m
  ↳ app/views/cats/index.html.erb:4
  Rendered cats/_cat.html.erb (2.5ms)
  Rendered cats/index.html.erb within layouts/application (18.0ms)
Completed 200 OK in 161ms (Views: 146.6ms | ActiveRecord: 2.4ms)


Started GET "/cats/1/edit" for ::1 at 2020-09-04 16:47:13 -0700
Processing by CatsController#edit as HTML
  Parameters: {"id"=>"1"}
  [1m[36mCat Load (3.7ms)[0m  [1m[34mSELECT  "cats".* FROM "cats" WHERE "cats"."id" = $1 LIMIT $2[0m  [["id", 1], ["LIMIT", 1]]
  ↳ app/controllers/cats_controller.rb:13
  Rendering cats/edit.html.erb within layouts/application
  Rendered cats/_form.html.erb (1.9ms)
  Rendered cats/edit.html.erb within layouts/application (21.1ms)
Completed 200 OK in 146ms (Views: 124.0ms | ActiveRecord: 3.7ms)


Started PATCH "/cats/1" for ::1 at 2020-09-04 16:47:25 -0700
Processing by CatsController#update as HTML
  Parameters: {"cat"=>{"name"=>"Gray", "birth_date"=>"2002-08-25", "sex"=>"F", "color"=>"Orange", "description"=>"beautiful gray cat"}, "id"=>"1"}
  [1m[36mCat Load (2.9ms)[0m  [1m[34mSELECT  "cats".* FROM "cats" WHERE "cats"."id" = $1 LIMIT $2[0m  [["id", 1], ["LIMIT", 1]]
  ↳ app/controllers/cats_controller.rb:32
Unpermitted parameter: :birth_date
  [1m[35m (10.2ms)[0m  [1m[35mBEGIN[0m
  ↳ app/controllers/cats_controller.rb:33
  [1m[36mCat Update (2.7ms)[0m  [1m[33mUPDATE "cats" SET "sex" = $1, "color" = $2, "updated_at" = $3 WHERE "cats"."id" = $4[0m  [["sex", "F"], ["color", "Orange"], ["updated_at", "2020-09-04 23:47:25.515409"], ["id", 1]]
  ↳ app/controllers/cats_controller.rb:33
  [1m[35m (6.1ms)[0m  [1m[35mCOMMIT[0m
  ↳ app/controllers/cats_controller.rb:33
Redirected to http://localhost:3000/cats/1
Completed 302 Found in 29ms (ActiveRecord: 21.8ms)


Started GET "/cats/1" for ::1 at 2020-09-04 16:47:25 -0700
Processing by CatsController#show as HTML
  Parameters: {"id"=>"1"}
  [1m[36mCat Load (4.3ms)[0m  [1m[34mSELECT  "cats".* FROM "cats" WHERE "cats"."id" = $1 LIMIT $2[0m  [["id", 1], ["LIMIT", 1]]
  ↳ app/controllers/cats_controller.rb:8
  Rendering cats/show.html.erb within layouts/application
  Rendered cats/_cat.html.erb (2.0ms)
  Rendered cats/show.html.erb within layouts/application (7.1ms)
Completed 200 OK in 286ms (Views: 253.1ms | ActiveRecord: 4.3ms)


Started GET "/cats" for ::1 at 2020-09-04 16:47:28 -0700
Processing by CatsController#index as HTML
  Rendering cats/index.html.erb within layouts/application
  [1m[36mCat Load (1.0ms)[0m  [1m[34mSELECT "cats".* FROM "cats"[0m
  ↳ app/views/cats/index.html.erb:4
  Rendered cats/_cat.html.erb (5.2ms)
  Rendered cats/index.html.erb within layouts/application (21.5ms)
Completed 200 OK in 203ms (Views: 191.1ms | ActiveRecord: 1.0ms)


Started GET "/cats/1/edit" for ::1 at 2020-09-04 16:47:42 -0700
Processing by CatsController#edit as HTML
  Parameters: {"id"=>"1"}
  [1m[36mCat Load (5.2ms)[0m  [1m[34mSELECT  "cats".* FROM "cats" WHERE "cats"."id" = $1 LIMIT $2[0m  [["id", 1], ["LIMIT", 1]]
  ↳ app/controllers/cats_controller.rb:13
  Rendering cats/edit.html.erb within layouts/application
  Rendered cats/_form.html.erb (4.3ms)
  Rendered cats/edit.html.erb within layouts/application (16.4ms)
Completed 200 OK in 202ms (Views: 177.9ms | ActiveRecord: 5.2ms)


Started PATCH "/cats/1" for ::1 at 2020-09-04 16:47:53 -0700
Processing by CatsController#update as HTML
  Parameters: {"cat"=>{"name"=>"Gray", "birth_date"=>"2018-08-25", "sex"=>"F", "color"=>"Black", "description"=>"beautiful gray cat"}, "id"=>"1"}
  [1m[36mCat Load (5.8ms)[0m  [1m[34mSELECT  "cats".* FROM "cats" WHERE "cats"."id" = $1 LIMIT $2[0m  [["id", 1], ["LIMIT", 1]]
  ↳ app/controllers/cats_controller.rb:32
Unpermitted parameter: :birth_date
  [1m[35m (18.7ms)[0m  [1m[35mBEGIN[0m
  ↳ app/controllers/cats_controller.rb:33
  [1m[36mCat Update (4.5ms)[0m  [1m[33mUPDATE "cats" SET "color" = $1, "updated_at" = $2 WHERE "cats"."id" = $3[0m  [["color", "Black"], ["updated_at", "2020-09-04 23:47:53.787575"], ["id", 1]]
  ↳ app/controllers/cats_controller.rb:33
  [1m[35m (6.7ms)[0m  [1m[35mCOMMIT[0m
  ↳ app/controllers/cats_controller.rb:33
Redirected to http://localhost:3000/cats/1
Completed 302 Found in 43ms (ActiveRecord: 35.7ms)


Started GET "/cats/1" for ::1 at 2020-09-04 16:47:53 -0700
Processing by CatsController#show as HTML
  Parameters: {"id"=>"1"}
  [1m[36mCat Load (1.1ms)[0m  [1m[34mSELECT  "cats".* FROM "cats" WHERE "cats"."id" = $1 LIMIT $2[0m  [["id", 1], ["LIMIT", 1]]
  ↳ app/controllers/cats_controller.rb:8
  Rendering cats/show.html.erb within layouts/application
  Rendered cats/_cat.html.erb (1.9ms)
  Rendered cats/show.html.erb within layouts/application (35.3ms)
Completed 200 OK in 495ms (Views: 478.9ms | ActiveRecord: 1.1ms)


Started GET "/cats" for ::1 at 2020-09-04 16:50:55 -0700
Processing by CatsController#index as HTML
  Rendering cats/index.html.erb within layouts/application
  [1m[36mCat Load (1.1ms)[0m  [1m[34mSELECT "cats".* FROM "cats"[0m
  ↳ app/views/cats/index.html.erb:4
  Rendered cats/_cat.html.erb (24.9ms)
  Rendered cats/index.html.erb within layouts/application (118.5ms)
Completed 500 Internal Server Error in 187ms (ActiveRecord: 12.0ms)



ActionView::Template::Error - wrong number of arguments (given 0, expected 1):
  app/views/cats/_cat.html.erb:11:in `view template'
  app/views/cats/index.html.erb:6:in `block in _app_views_cats_index_html_erb___1185962666332296562_70360888940260'
  app/views/cats/index.html.erb:4:in `_app_views_cats_index_html_erb___1185962666332296562_70360888940260'

Started GET "/cats" for ::1 at 2020-09-04 16:50:56 -0700
Processing by CatsController#index as HTML
  Rendering cats/index.html.erb within layouts/application
  [1m[36mCat Load (2.8ms)[0m  [1m[34mSELECT "cats".* FROM "cats"[0m
  ↳ app/views/cats/index.html.erb:4
  Rendered cats/_cat.html.erb (16.6ms)
  Rendered cats/index.html.erb within layouts/application (31.2ms)
Completed 500 Internal Server Error in 91ms (ActiveRecord: 2.8ms)



ActionView::Template::Error - wrong number of arguments (given 0, expected 1):
  app/views/cats/_cat.html.erb:11:in `view template'
  app/views/cats/index.html.erb:6:in `block in _app_views_cats_index_html_erb___1185962666332296562_70360861662380'
  app/views/cats/index.html.erb:4:in `_app_views_cats_index_html_erb___1185962666332296562_70360861662380'

Started POST "/__better_errors/ff65c21e08c4ad29/variables" for ::1 at 2020-09-04 16:50:56 -0700
Started GET "/cats" for ::1 at 2020-09-04 16:51:18 -0700
Processing by CatsController#index as HTML
  Rendering cats/index.html.erb within layouts/application
  [1m[36mCat Load (5.6ms)[0m  [1m[34mSELECT "cats".* FROM "cats"[0m
  ↳ app/views/cats/index.html.erb:4
  Rendered cats/_cat.html.erb (1465.7ms)
  Rendered cats/index.html.erb within layouts/application (1515.4ms)
Completed 500 Internal Server Error in 1628ms (ActiveRecord: 5.6ms)



ActionView::Template::Error - undefined local variable or method `birth_date' for #<#<Class:0x00007ffc57952440>:0x00007ffc4fd937a0>:
  app/views/cats/_cat.html.erb:11:in `view template'
  app/views/cats/index.html.erb:6:in `block in _app_views_cats_index_html_erb___1185962666332296562_70360837614480'
  app/views/cats/index.html.erb:4:in `_app_views_cats_index_html_erb___1185962666332296562_70360837614480'

Started POST "/__better_errors/6a7fcc087d443fb3/variables" for ::1 at 2020-09-04 16:51:20 -0700
Started GET "/cats" for ::1 at 2020-09-04 16:52:29 -0700
Processing by CatsController#index as HTML
  Rendering cats/index.html.erb within layouts/application
  [1m[36mCat Load (1.0ms)[0m  [1m[34mSELECT "cats".* FROM "cats"[0m
  ↳ app/views/cats/index.html.erb:4
  Rendered cats/_cat.html.erb (2.7ms)
  Rendered cats/index.html.erb within layouts/application (159.9ms)
Completed 200 OK in 532ms (Views: 401.9ms | ActiveRecord: 76.8ms)


Started GET "/cats/1/edit" for ::1 at 2020-09-04 16:52:32 -0700
Processing by CatsController#edit as HTML
  Parameters: {"id"=>"1"}
  [1m[36mCat Load (4.3ms)[0m  [1m[34mSELECT  "cats".* FROM "cats" WHERE "cats"."id" = $1 LIMIT $2[0m  [["id", 1], ["LIMIT", 1]]
  ↳ app/controllers/cats_controller.rb:13
  Rendering cats/edit.html.erb within layouts/application
  Rendered cats/_form.html.erb (14.8ms)
  Rendered cats/edit.html.erb within layouts/application (31.2ms)
Completed 200 OK in 226ms (Views: 198.4ms | ActiveRecord: 4.3ms)


Started PATCH "/cats/1" for ::1 at 2020-09-04 16:52:39 -0700
Processing by CatsController#update as HTML
  Parameters: {"cat"=>{"name"=>"Gray", "birth_date"=>"2018-08-25", "sex"=>"M", "color"=>"Orange", "description"=>"beautiful gray cat"}, "id"=>"1"}
  [1m[36mCat Load (1.2ms)[0m  [1m[34mSELECT  "cats".* FROM "cats" WHERE "cats"."id" = $1 LIMIT $2[0m  [["id", 1], ["LIMIT", 1]]
  ↳ app/controllers/cats_controller.rb:32
Unpermitted parameter: :birth_date
  [1m[35m (2.5ms)[0m  [1m[35mBEGIN[0m
  ↳ app/controllers/cats_controller.rb:33
  [1m[36mCat Update (5.0ms)[0m  [1m[33mUPDATE "cats" SET "sex" = $1, "color" = $2, "updated_at" = $3 WHERE "cats"."id" = $4[0m  [["sex", "M"], ["color", "Orange"], ["updated_at", "2020-09-04 23:52:39.861199"], ["id", 1]]
  ↳ app/controllers/cats_controller.rb:33
  [1m[35m (7.8ms)[0m  [1m[35mCOMMIT[0m
  ↳ app/controllers/cats_controller.rb:33
Redirected to http://localhost:3000/cats/1
Completed 302 Found in 32ms (ActiveRecord: 16.4ms)


Started GET "/cats/1" for ::1 at 2020-09-04 16:52:39 -0700
Processing by CatsController#show as HTML
  Parameters: {"id"=>"1"}
  [1m[36mCat Load (7.4ms)[0m  [1m[34mSELECT  "cats".* FROM "cats" WHERE "cats"."id" = $1 LIMIT $2[0m  [["id", 1], ["LIMIT", 1]]
  ↳ app/controllers/cats_controller.rb:8
  Rendering cats/show.html.erb within layouts/application
  Rendered cats/_cat.html.erb (2.1ms)
  Rendered cats/show.html.erb within layouts/application (25.6ms)
Completed 200 OK in 306ms (Views: 273.8ms | ActiveRecord: 7.4ms)


Started GET "/cats" for ::1 at 2020-09-04 16:55:57 -0700
  [1m[35m (5.5ms)[0m  [1m[34mSELECT "schema_migrations"."version" FROM "schema_migrations" ORDER BY "schema_migrations"."version" ASC[0m
  ↳ /Users/JuanCarlos/.rbenv/versions/2.5.1/lib/ruby/gems/2.5.0/gems/activerecord-5.2.4.3/lib/active_record/log_subscriber.rb:98
Processing by CatsController#index as HTML
  Rendering cats/index.html.erb within layouts/application
  [1m[36mCat Load (10.5ms)[0m  [1m[34mSELECT "cats".* FROM "cats"[0m
  ↳ app/views/cats/index.html.erb:4
  Rendered cats/_cat.html.erb (1.6ms)
  Rendered cats/index.html.erb within layouts/application (159.8ms)
Completed 200 OK in 1319ms (Views: 1227.3ms | ActiveRecord: 35.5ms)


Started GET "/cats/1/edit" for ::1 at 2020-09-04 16:56:12 -0700
Processing by CatsController#edit as HTML
  Parameters: {"id"=>"1"}
  [1m[36mCat Load (2.1ms)[0m  [1m[34mSELECT  "cats".* FROM "cats" WHERE "cats"."id" = $1 LIMIT $2[0m  [["id", 1], ["LIMIT", 1]]
  ↳ app/controllers/cats_controller.rb:13
  Rendering cats/edit.html.erb within layouts/application
  Rendered cats/_form.html.erb (2.6ms)
  Rendered cats/edit.html.erb within layouts/application (22.1ms)
Completed 200 OK in 235ms (Views: 182.2ms | ActiveRecord: 6.7ms)


Started PATCH "/cats/1" for ::1 at 2020-09-04 16:56:18 -0700
Processing by CatsController#update as HTML
  Parameters: {"cat"=>{"name"=>"Gray", "birth_date"=>"2018-08-25", "sex"=>"M", "color"=>"Orange", "description"=>"beautiful gray cat"}, "id"=>"1"}
  [1m[36mCat Load (1.5ms)[0m  [1m[34mSELECT  "cats".* FROM "cats" WHERE "cats"."id" = $1 LIMIT $2[0m  [["id", 1], ["LIMIT", 1]]
  ↳ app/controllers/cats_controller.rb:32
Unpermitted parameter: :birth_date
  [1m[35m (0.3ms)[0m  [1m[35mBEGIN[0m
  ↳ app/controllers/cats_controller.rb:33
  [1m[35m (0.2ms)[0m  [1m[35mCOMMIT[0m
  ↳ app/controllers/cats_controller.rb:33
Redirected to http://localhost:3000/cats/1
Completed 302 Found in 9ms (ActiveRecord: 1.9ms)


Started GET "/cats/1" for ::1 at 2020-09-04 16:56:18 -0700
Processing by CatsController#show as HTML
  Parameters: {"id"=>"1"}
  [1m[36mCat Load (8.4ms)[0m  [1m[34mSELECT  "cats".* FROM "cats" WHERE "cats"."id" = $1 LIMIT $2[0m  [["id", 1], ["LIMIT", 1]]
  ↳ app/controllers/cats_controller.rb:8
  Rendering cats/show.html.erb within layouts/application
  Rendered cats/_cat.html.erb (2.0ms)
  Rendered cats/show.html.erb within layouts/application (26.1ms)
Completed 200 OK in 220ms (Views: 175.0ms | ActiveRecord: 8.4ms)


